2020-06-16 6:28:37 AM	This log contains information about the import schema operation into project 'database-sql' on computer 'MOSHARAF-SB2' by user 'mosharaf'.
2020-06-16 6:28:37 AM	Import of database schema has started.
2020-06-16 6:28:39 AM	Gathering logins
2020-06-16 6:28:45 AM	Gathering database credentials
2020-06-16 6:28:45 AM	Gathering database options
2020-06-16 6:28:45 AM	Gathering generic database scoped configuration option
2020-06-16 6:28:45 AM	Gathering users
2020-06-16 6:28:45 AM	Gathering roles
2020-06-16 6:28:45 AM	Gathering application roles
2020-06-16 6:28:45 AM	Gathering role memberships
2020-06-16 6:28:45 AM	Gathering filegroups
2020-06-16 6:28:46 AM	Gathering full-text catalogs
2020-06-16 6:28:46 AM	Gathering assemblies
2020-06-16 6:28:46 AM	Gathering certificates
2020-06-16 6:28:46 AM	Gathering symmetric keys
2020-06-16 6:28:46 AM	Gathering encrypted symmetric keys
2020-06-16 6:28:46 AM	Gathering schemas
2020-06-16 6:28:46 AM	Gathering XML schema collections
2020-06-16 6:28:46 AM	Gathering user-defined data types
2020-06-16 6:28:46 AM	Gathering user-defined types
2020-06-16 6:28:46 AM	Gathering table types
2020-06-16 6:28:46 AM	Gathering unique keys for table types
2020-06-16 6:28:46 AM	Gathering primary keys for table types
2020-06-16 6:28:46 AM	Gathering indexes for table types
2020-06-16 6:28:46 AM	Gathering check constraints for table types
2020-06-16 6:28:46 AM	Gathering default constraints for table types
2020-06-16 6:28:46 AM	Gathering partition functions
2020-06-16 6:28:46 AM	Gathering partition schemes
2020-06-16 6:28:46 AM	Gathering functions
2020-06-16 6:28:46 AM	Gathering encrypted functions
2020-06-16 6:28:46 AM	Gathering aggregates
2020-06-16 6:28:46 AM	Gathering procedures
2020-06-16 6:28:46 AM	Gathering encrypted procedures
2020-06-16 6:28:46 AM	Gathering tables
2020-06-16 6:28:46 AM	Gathering primary keys
2020-06-16 6:28:46 AM	Gathering unique constraints
2020-06-16 6:28:46 AM	Gathering foreign keys
2020-06-16 6:28:46 AM	Gathering default constraints
2020-06-16 6:28:46 AM	Gathering check constraints
2020-06-16 6:28:46 AM	Gathering views
2020-06-16 6:28:46 AM	Gathering encrypted views
2020-06-16 6:28:46 AM	Gathering indexes
2020-06-16 6:28:46 AM	Gathering statistics
2020-06-16 6:28:46 AM	Gathering full-text index stoplists
2020-06-16 6:28:46 AM	Gathering search property lists
2020-06-16 6:28:46 AM	Gathering search properties
2020-06-16 6:28:46 AM	Gathering full-text indexes
2020-06-16 6:28:46 AM	Gathering column store indexes
2020-06-16 6:28:46 AM	Gathering spatial indexes
2020-06-16 6:28:46 AM	Gathering XML indexes
2020-06-16 6:28:47 AM	Gathering Selective XML indexes
2020-06-16 6:28:47 AM	Gathering encrypted triggers
2020-06-16 6:28:47 AM	Gathering triggers
2020-06-16 6:28:47 AM	Gathering encrypted and clr ddl triggers
2020-06-16 6:28:47 AM	Gathering ddl triggers
2020-06-16 6:28:47 AM	Creating edge constraints
2020-06-16 6:28:47 AM	Gathering synonyms
2020-06-16 6:28:47 AM	Gathering defaults
2020-06-16 6:28:47 AM	Gathering data constraint uddt bindings
2020-06-16 6:28:47 AM	Gathering rules
2020-06-16 6:28:47 AM	Gathering data constraint uddt bindings
2020-06-16 6:28:47 AM	Gathering message types
2020-06-16 6:28:47 AM	Gathering queues
2020-06-16 6:28:47 AM	Gathering contracts
2020-06-16 6:28:47 AM	Gathering services
2020-06-16 6:28:47 AM	Gathering event notifications
2020-06-16 6:28:47 AM	Gathering remote service bindings
2020-06-16 6:28:47 AM	Gathering broker priorities
2020-06-16 6:28:47 AM	Gathering signatures
2020-06-16 6:28:47 AM	Gathering data compression options
2020-06-16 6:28:47 AM	Gathering sequence types
2020-06-16 6:28:47 AM	Gathering security policies
2020-06-16 6:28:47 AM	Gather column encryption keys
2020-06-16 6:28:47 AM	Gathering column master keys
2020-06-16 6:28:47 AM	Gathering external data sources
2020-06-16 6:28:47 AM	Gathering external tables
2020-06-16 6:28:47 AM	Gathering extended properties
2020-06-16 6:28:47 AM	Gathering logins
2020-06-16 6:28:48 AM	Scanning project for duplicate elements
2020-06-16 6:28:48 AM	Finished duplicate element processing
2020-06-16 6:28:48 AM	Finished importing database.
2020-06-16 6:28:48 AM	A summary of the import was saved to the following location: C:\Users\mosharaf\source\repos\covidTracking\database-sql\Import Schema Logs\database-sql_20200616102837.log
2020-06-16 6:28:48 AM	Click Finish to continue...
